TN:
SF:src/AMM.sol
DA:19,9
FN:19,AMM.constructor
FNDA:9,AMM.constructor
DA:20,9
DA:21,9
DA:22,9
DA:27,1
FN:27,AMM.getAmountOut
FNDA:1,AMM.getAmountOut
DA:28,261
BRDA:28,0,0,-
BRDA:28,0,1,261
DA:29,261
DA:30,261
DA:33,261
DA:34,261
DA:35,261
DA:36,261
DA:39,265
FN:39,AMM.addLiquidity
FNDA:265,AMM.addLiquidity
DA:40,265
DA:41,265
DA:43,265
DA:44,265
BRDA:44,1,0,264
BRDA:44,1,1,1
DA:45,264
DA:47,1
DA:50,265
BRDA:50,2,0,1
BRDA:50,2,1,264
DA:51,264
DA:53,264
DA:54,264
DA:57,1
FN:57,AMM.removeLiquidity
FNDA:1,AMM.removeLiquidity
DA:58,1
DA:59,1
DA:60,1
DA:62,1
DA:63,1
DA:64,1
DA:66,1
DA:67,1
DA:70,260
FN:70,AMM.swap
FNDA:260,AMM.swap
DA:71,260
DA:72,260
BRDA:72,3,0,1
BRDA:72,3,1,259
DA:74,258
BRDA:74,4,0,258
BRDA:74,4,1,1
DA:75,258
DA:76,258
DA:78,1
DA:79,1
DA:82,259
DA:83,259
DA:88,524
FN:88,AMM._updateReserves
FNDA:524,AMM._updateReserves
DA:89,524
DA:90,524
DA:93,264
FN:93,AMM._sqrt
FNDA:264,AMM._sqrt
DA:94,264
BRDA:94,5,0,263
BRDA:94,5,1,1
DA:95,263
DA:96,263
DA:97,18936
DA:98,18673
DA:99,18673
DA:101,1
BRDA:101,6,0,-
DA:102,0
DA:106,1
FN:106,AMM._min
FNDA:1,AMM._min
DA:107,1
FNF:8
FNH:8
LF:56
LH:55
BRF:13
BRH:11
end_of_record
TN:
SF:src/LPToken.sol
DA:10,264
FN:10,LPToken.mint
FNDA:264,LPToken.mint
DA:11,264
DA:14,1
FN:14,LPToken.burn
FNDA:1,LPToken.burn
DA:15,1
FNF:2
FNH:2
LF:4
LH:4
BRF:0
BRH:0
end_of_record
TN:
SF:src/MyToken.sol
DA:7,24
FN:7,MyToken.constructor
FNDA:24,MyToken.constructor
DA:8,24
DA:11,37
FN:11,MyToken.mint
FNDA:37,MyToken.mint
DA:12,37
FNF:2
FNH:2
LF:4
LH:4
BRF:0
BRH:0
end_of_record
